[INFO ][20160702 22:28:13,300][ContextLoader:273] Root WebApplicationContext: initialization started
[INFO ][20160702 22:28:13,356][AbstractApplicationContext:510] Refreshing Root WebApplicationContext: startup date [Sat Jul 02 22:28:13 CST 2016]; root of context hierarchy
[INFO ][20160702 22:28:13,384][XmlBeanDefinitionReader:315] Loading XML bean definitions from class path resource [spring/spring-context.xml]
[INFO ][20160702 22:28:13,478][ClassPathScanningCandidateComponentProvider:239] JSR-330 'javax.inject.Named' annotation found and supported for component scanning
[INFO ][20160702 22:28:13,527][XmlBeanDefinitionReader:315] Loading XML bean definitions from class path resource [spring/spring-mybatis.xml]
[INFO ][20160702 22:28:13,651][PropertiesLoaderSupport:172] Loading properties file from class path resource [jdbc.properties]
[INFO ][20160702 22:28:13,658][AutowiredAnnotationBeanPostProcessor:140] JSR-330 'javax.inject.Inject' annotation found and supported for autowiring
[INFO ][20160702 22:28:13,690][DefaultListableBeanFactory:598] Pre-instantiating singletons in org.springframework.beans.factory.support.DefaultListableBeanFactory@f08fdce: defining beans [org.springframework.context.annotation.internalConfigurationAnnotationProcessor,org.springframework.context.annotation.internalAutowiredAnnotationProcessor,org.springframework.context.annotation.internalRequiredAnnotationProcessor,org.springframework.context.annotation.internalCommonAnnotationProcessor,pmsUserBiz,pmsUserDao,org.springframework.context.support.PropertySourcesPlaceholderConfigurer#0,org.springframework.aop.config.internalAutoProxyCreator,dataSource,sqlSessionFactory,sessionTemplate,transactionManager,org.springframework.context.annotation.ConfigurationClassPostProcessor.importAwareProcessor]; root of factory hierarchy
[INFO ][20160702 22:28:13,983][DruidDataSource:642] {dataSource-1} inited
[INFO ][20160702 22:28:13,985][DefaultSingletonBeanRegistry:444] Destroying singletons in org.springframework.beans.factory.support.DefaultListableBeanFactory@f08fdce: defining beans [org.springframework.context.annotation.internalConfigurationAnnotationProcessor,org.springframework.context.annotation.internalAutowiredAnnotationProcessor,org.springframework.context.annotation.internalRequiredAnnotationProcessor,org.springframework.context.annotation.internalCommonAnnotationProcessor,pmsUserBiz,pmsUserDao,org.springframework.context.support.PropertySourcesPlaceholderConfigurer#0,org.springframework.aop.config.internalAutoProxyCreator,dataSource,sqlSessionFactory,sessionTemplate,transactionManager,org.springframework.context.annotation.ConfigurationClassPostProcessor.importAwareProcessor]; root of factory hierarchy
[ERROR][20160702 22:28:13,986][ContextLoader:319] Context initialization failed
org.springframework.beans.factory.BeanCreationException: Error creating bean with name 'pmsUserBiz': Injection of autowired dependencies failed; nested exception is org.springframework.beans.factory.BeanCreationException: Could not autowire field: private wusc.edu.demo.user.dao.PmsUserDao wusc.edu.demo.user.biz.PmsUserBiz.pmsUserDao; nested exception is org.springframework.beans.factory.BeanCreationException: Error creating bean with name 'pmsUserDao' defined in file [C:\Users\fqc\github_works\dubbo_sidepro\edu-demo\target\classes\wusc\edu\demo\user\dao\impl\PmsUserDaoImpl.class]: Initialization of bean failed; nested exception is org.springframework.beans.factory.BeanCreationException: Error creating bean with name 'sessionTemplate' defined in class path resource [spring/spring-mybatis.xml]: Cannot resolve reference to bean 'sqlSessionFactory' while setting constructor argument; nested exception is org.springframework.beans.factory.BeanCreationException: Error creating bean with name 'sqlSessionFactory' defined in class path resource [spring/spring-mybatis.xml]: Cannot resolve reference to bean 'dataSource' while setting bean property 'dataSource'; nested exception is org.springframework.beans.factory.BeanCreationException: Error creating bean with name 'dataSource' defined in class path resource [spring/spring-mybatis.xml]: Invocation of init method failed; nested exception is java.lang.IllegalArgumentException: Failed to decrypt.
	at org.springframework.beans.factory.annotation.AutowiredAnnotationBeanPostProcessor.postProcessPropertyValues(AutowiredAnnotationBeanPostProcessor.java:288)
	at org.springframework.beans.factory.support.AbstractAutowireCapableBeanFactory.populateBean(AbstractAutowireCapableBeanFactory.java:1116)
	at org.springframework.beans.factory.support.AbstractAutowireCapableBeanFactory.doCreateBean(AbstractAutowireCapableBeanFactory.java:519)
	at org.springframework.beans.factory.support.AbstractAutowireCapableBeanFactory.createBean(AbstractAutowireCapableBeanFactory.java:458)
	at org.springframework.beans.factory.support.AbstractBeanFactory$1.getObject(AbstractBeanFactory.java:295)
	at org.springframework.beans.factory.support.DefaultSingletonBeanRegistry.getSingleton(DefaultSingletonBeanRegistry.java:223)
	at org.springframework.beans.factory.support.AbstractBeanFactory.doGetBean(AbstractBeanFactory.java:292)
	at org.springframework.beans.factory.support.AbstractBeanFactory.getBean(AbstractBeanFactory.java:194)
	at org.springframework.beans.factory.support.DefaultListableBeanFactory.preInstantiateSingletons(DefaultListableBeanFactory.java:628)
	at org.springframework.context.support.AbstractApplicationContext.finishBeanFactoryInitialization(AbstractApplicationContext.java:932)
	at org.springframework.context.support.AbstractApplicationContext.refresh(AbstractApplicationContext.java:479)
	at org.springframework.web.context.ContextLoader.configureAndRefreshWebApplicationContext(ContextLoader.java:389)
	at org.springframework.web.context.ContextLoader.initWebApplicationContext(ContextLoader.java:294)
	at org.springframework.web.context.ContextLoaderListener.contextInitialized(ContextLoaderListener.java:112)
	at org.apache.catalina.core.StandardContext.listenerStart(StandardContext.java:4135)
	at org.apache.catalina.core.StandardContext.start(StandardContext.java:4630)
	at org.apache.catalina.core.ContainerBase.start(ContainerBase.java:1045)
	at org.apache.catalina.core.StandardHost.start(StandardHost.java:785)
	at org.apache.catalina.core.ContainerBase.start(ContainerBase.java:1045)
	at org.apache.catalina.core.StandardEngine.start(StandardEngine.java:445)
	at org.apache.catalina.startup.Embedded.start(Embedded.java:825)
	at org.codehaus.mojo.tomcat.AbstractRunMojo.startContainer(AbstractRunMojo.java:558)
	at org.codehaus.mojo.tomcat.AbstractRunMojo.execute(AbstractRunMojo.java:255)
	at org.apache.maven.plugin.DefaultBuildPluginManager.executeMojo(DefaultBuildPluginManager.java:134)
	at org.apache.maven.lifecycle.internal.MojoExecutor.execute(MojoExecutor.java:207)
	at org.apache.maven.lifecycle.internal.MojoExecutor.execute(MojoExecutor.java:153)
	at org.apache.maven.lifecycle.internal.MojoExecutor.execute(MojoExecutor.java:145)
	at org.apache.maven.lifecycle.internal.LifecycleModuleBuilder.buildProject(LifecycleModuleBuilder.java:116)
	at org.apache.maven.lifecycle.internal.LifecycleModuleBuilder.buildProject(LifecycleModuleBuilder.java:80)
	at org.apache.maven.lifecycle.internal.builder.singlethreaded.SingleThreadedBuilder.build(SingleThreadedBuilder.java:51)
	at org.apache.maven.lifecycle.internal.LifecycleStarter.execute(LifecycleStarter.java:128)
	at org.apache.maven.DefaultMaven.doExecute(DefaultMaven.java:307)
	at org.apache.maven.DefaultMaven.doExecute(DefaultMaven.java:193)
	at org.apache.maven.DefaultMaven.execute(DefaultMaven.java:106)
	at org.apache.maven.cli.MavenCli.execute(MavenCli.java:863)
	at org.apache.maven.cli.MavenCli.doMain(MavenCli.java:288)
	at org.apache.maven.cli.MavenCli.main(MavenCli.java:199)
	at sun.reflect.NativeMethodAccessorImpl.invoke0(Native Method)
	at sun.reflect.NativeMethodAccessorImpl.invoke(NativeMethodAccessorImpl.java:62)
	at sun.reflect.DelegatingMethodAccessorImpl.invoke(DelegatingMethodAccessorImpl.java:43)
	at java.lang.reflect.Method.invoke(Method.java:497)
	at org.codehaus.plexus.classworlds.launcher.Launcher.launchEnhanced(Launcher.java:289)
	at org.codehaus.plexus.classworlds.launcher.Launcher.launch(Launcher.java:229)
	at org.codehaus.plexus.classworlds.launcher.Launcher.mainWithExitCode(Launcher.java:415)
	at org.codehaus.plexus.classworlds.launcher.Launcher.main(Launcher.java:356)
	at org.codehaus.classworlds.Launcher.main(Launcher.java:47)
	at sun.reflect.NativeMethodAccessorImpl.invoke0(Native Method)
	at sun.reflect.NativeMethodAccessorImpl.invoke(NativeMethodAccessorImpl.java:62)
	at sun.reflect.DelegatingMethodAccessorImpl.invoke(DelegatingMethodAccessorImpl.java:43)
	at java.lang.reflect.Method.invoke(Method.java:497)
	at com.intellij.rt.execution.application.AppMain.main(AppMain.java:144)
Caused by: org.springframework.beans.factory.BeanCreationException: Could not autowire field: private wusc.edu.demo.user.dao.PmsUserDao wusc.edu.demo.user.biz.PmsUserBiz.pmsUserDao; nested exception is org.springframework.beans.factory.BeanCreationException: Error creating bean with name 'pmsUserDao' defined in file [C:\Users\fqc\github_works\dubbo_sidepro\edu-demo\target\classes\wusc\edu\demo\user\dao\impl\PmsUserDaoImpl.class]: Initialization of bean failed; nested exception is org.springframework.beans.factory.BeanCreationException: Error creating bean with name 'sessionTemplate' defined in class path resource [spring/spring-mybatis.xml]: Cannot resolve reference to bean 'sqlSessionFactory' while setting constructor argument; nested exception is org.springframework.beans.factory.BeanCreationException: Error creating bean with name 'sqlSessionFactory' defined in class path resource [spring/spring-mybatis.xml]: Cannot resolve reference to bean 'dataSource' while setting bean property 'dataSource'; nested exception is org.springframework.beans.factory.BeanCreationException: Error creating bean with name 'dataSource' defined in class path resource [spring/spring-mybatis.xml]: Invocation of init method failed; nested exception is java.lang.IllegalArgumentException: Failed to decrypt.
	at org.springframework.beans.factory.annotation.AutowiredAnnotationBeanPostProcessor$AutowiredFieldElement.inject(AutowiredAnnotationBeanPostProcessor.java:514)
	at org.springframework.beans.factory.annotation.InjectionMetadata.inject(InjectionMetadata.java:87)
	at org.springframework.beans.factory.annotation.AutowiredAnnotationBeanPostProcessor.postProcessPropertyValues(AutowiredAnnotationBeanPostProcessor.java:285)
	... 50 more
Caused by: org.springframework.beans.factory.BeanCreationException: Error creating bean with name 'pmsUserDao' defined in file [C:\Users\fqc\github_works\dubbo_sidepro\edu-demo\target\classes\wusc\edu\demo\user\dao\impl\PmsUserDaoImpl.class]: Initialization of bean failed; nested exception is org.springframework.beans.factory.BeanCreationException: Error creating bean with name 'sessionTemplate' defined in class path resource [spring/spring-mybatis.xml]: Cannot resolve reference to bean 'sqlSessionFactory' while setting constructor argument; nested exception is org.springframework.beans.factory.BeanCreationException: Error creating bean with name 'sqlSessionFactory' defined in class path resource [spring/spring-mybatis.xml]: Cannot resolve reference to bean 'dataSource' while setting bean property 'dataSource'; nested exception is org.springframework.beans.factory.BeanCreationException: Error creating bean with name 'dataSource' defined in class path resource [spring/spring-mybatis.xml]: Invocation of init method failed; nested exception is java.lang.IllegalArgumentException: Failed to decrypt.
	at org.springframework.beans.factory.support.AbstractAutowireCapableBeanFactory.doCreateBean(AbstractAutowireCapableBeanFactory.java:529)
	at org.springframework.beans.factory.support.AbstractAutowireCapableBeanFactory.createBean(AbstractAutowireCapableBeanFactory.java:458)
	at org.springframework.beans.factory.support.AbstractBeanFactory$1.getObject(AbstractBeanFactory.java:295)
	at org.springframework.beans.factory.support.DefaultSingletonBeanRegistry.getSingleton(DefaultSingletonBeanRegistry.java:223)
	at org.springframework.beans.factory.support.AbstractBeanFactory.doGetBean(AbstractBeanFactory.java:292)
	at org.springframework.beans.factory.support.AbstractBeanFactory.getBean(AbstractBeanFactory.java:194)
	at org.springframework.beans.factory.support.DefaultListableBeanFactory.findAutowireCandidates(DefaultListableBeanFactory.java:912)
	at org.springframework.beans.factory.support.DefaultListableBeanFactory.doResolveDependency(DefaultListableBeanFactory.java:855)
	at org.springframework.beans.factory.support.DefaultListableBeanFactory.resolveDependency(DefaultListableBeanFactory.java:770)
	at org.springframework.beans.factory.annotation.AutowiredAnnotationBeanPostProcessor$AutowiredFieldElement.inject(AutowiredAnnotationBeanPostProcessor.java:486)
	... 52 more
Caused by: org.springframework.beans.factory.BeanCreationException: Error creating bean with name 'sessionTemplate' defined in class path resource [spring/spring-mybatis.xml]: Cannot resolve reference to bean 'sqlSessionFactory' while setting constructor argument; nested exception is org.springframework.beans.factory.BeanCreationException: Error creating bean with name 'sqlSessionFactory' defined in class path resource [spring/spring-mybatis.xml]: Cannot resolve reference to bean 'dataSource' while setting bean property 'dataSource'; nested exception is org.springframework.beans.factory.BeanCreationException: Error creating bean with name 'dataSource' defined in class path resource [spring/spring-mybatis.xml]: Invocation of init method failed; nested exception is java.lang.IllegalArgumentException: Failed to decrypt.
	at org.springframework.beans.factory.support.BeanDefinitionValueResolver.resolveReference(BeanDefinitionValueResolver.java:329)
	at org.springframework.beans.factory.support.BeanDefinitionValueResolver.resolveValueIfNecessary(BeanDefinitionValueResolver.java:107)
	at org.springframework.beans.factory.support.ConstructorResolver.resolveConstructorArguments(ConstructorResolver.java:615)
	at org.springframework.beans.factory.support.ConstructorResolver.autowireConstructor(ConstructorResolver.java:148)
	at org.springframework.beans.factory.support.AbstractAutowireCapableBeanFactory.autowireConstructor(AbstractAutowireCapableBeanFactory.java:1045)
	at org.springframework.beans.factory.support.AbstractAutowireCapableBeanFactory.createBeanInstance(AbstractAutowireCapableBeanFactory.java:949)
	at org.springframework.beans.factory.support.AbstractAutowireCapableBeanFactory.doCreateBean(AbstractAutowireCapableBeanFactory.java:487)
	at org.springframework.beans.factory.support.AbstractAutowireCapableBeanFactory.createBean(AbstractAutowireCapableBeanFactory.java:458)
	at org.springframework.beans.factory.support.AbstractBeanFactory$1.getObject(AbstractBeanFactory.java:295)
	at org.springframework.beans.factory.support.DefaultSingletonBeanRegistry.getSingleton(DefaultSingletonBeanRegistry.java:223)
	at org.springframework.beans.factory.support.AbstractBeanFactory.doGetBean(AbstractBeanFactory.java:292)
	at org.springframework.beans.factory.support.AbstractBeanFactory.getBean(AbstractBeanFactory.java:194)
	at org.springframework.beans.factory.support.AbstractAutowireCapableBeanFactory.autowireByName(AbstractAutowireCapableBeanFactory.java:1146)
	at org.springframework.beans.factory.support.AbstractAutowireCapableBeanFactory.populateBean(AbstractAutowireCapableBeanFactory.java:1096)
	at org.springframework.beans.factory.support.AbstractAutowireCapableBeanFactory.doCreateBean(AbstractAutowireCapableBeanFactory.java:519)
	... 61 more
Caused by: org.springframework.beans.factory.BeanCreationException: Error creating bean with name 'sqlSessionFactory' defined in class path resource [spring/spring-mybatis.xml]: Cannot resolve reference to bean 'dataSource' while setting bean property 'dataSource'; nested exception is org.springframework.beans.factory.BeanCreationException: Error creating bean with name 'dataSource' defined in class path resource [spring/spring-mybatis.xml]: Invocation of init method failed; nested exception is java.lang.IllegalArgumentException: Failed to decrypt.
	at org.springframework.beans.factory.support.BeanDefinitionValueResolver.resolveReference(BeanDefinitionValueResolver.java:329)
	at org.springframework.beans.factory.support.BeanDefinitionValueResolver.resolveValueIfNecessary(BeanDefinitionValueResolver.java:107)
	at org.springframework.beans.factory.support.AbstractAutowireCapableBeanFactory.applyPropertyValues(AbstractAutowireCapableBeanFactory.java:1387)
	at org.springframework.beans.factory.support.AbstractAutowireCapableBeanFactory.populateBean(AbstractAutowireCapableBeanFactory.java:1128)
	at org.springframework.beans.factory.support.AbstractAutowireCapableBeanFactory.doCreateBean(AbstractAutowireCapableBeanFactory.java:519)
	at org.springframework.beans.factory.support.AbstractAutowireCapableBeanFactory.createBean(AbstractAutowireCapableBeanFactory.java:458)
	at org.springframework.beans.factory.support.AbstractBeanFactory$1.getObject(AbstractBeanFactory.java:295)
	at org.springframework.beans.factory.support.DefaultSingletonBeanRegistry.getSingleton(DefaultSingletonBeanRegistry.java:223)
	at org.springframework.beans.factory.support.AbstractBeanFactory.doGetBean(AbstractBeanFactory.java:292)
	at org.springframework.beans.factory.support.AbstractBeanFactory.getBean(AbstractBeanFactory.java:194)
	at org.springframework.beans.factory.support.BeanDefinitionValueResolver.resolveReference(BeanDefinitionValueResolver.java:323)
	... 75 more
Caused by: org.springframework.beans.factory.BeanCreationException: Error creating bean with name 'dataSource' defined in class path resource [spring/spring-mybatis.xml]: Invocation of init method failed; nested exception is java.lang.IllegalArgumentException: Failed to decrypt.
	at org.springframework.beans.factory.support.AbstractAutowireCapableBeanFactory.initializeBean(AbstractAutowireCapableBeanFactory.java:1482)
	at org.springframework.beans.factory.support.AbstractAutowireCapableBeanFactory.doCreateBean(AbstractAutowireCapableBeanFactory.java:521)
	at org.springframework.beans.factory.support.AbstractAutowireCapableBeanFactory.createBean(AbstractAutowireCapableBeanFactory.java:458)
	at org.springframework.beans.factory.support.AbstractBeanFactory$1.getObject(AbstractBeanFactory.java:295)
	at org.springframework.beans.factory.support.DefaultSingletonBeanRegistry.getSingleton(DefaultSingletonBeanRegistry.java:223)
	at org.springframework.beans.factory.support.AbstractBeanFactory.doGetBean(AbstractBeanFactory.java:292)
	at org.springframework.beans.factory.support.AbstractBeanFactory.getBean(AbstractBeanFactory.java:194)
	at org.springframework.beans.factory.support.BeanDefinitionValueResolver.resolveReference(BeanDefinitionValueResolver.java:323)
	... 85 more
Caused by: java.lang.IllegalArgumentException: Failed to decrypt.
	at com.alibaba.druid.filter.config.ConfigFilter.decrypt(ConfigFilter.java:212)
	at com.alibaba.druid.filter.config.ConfigFilter.init(ConfigFilter.java:124)
	at com.alibaba.druid.pool.DruidDataSource.init(DruidDataSource.java:514)
	at sun.reflect.NativeMethodAccessorImpl.invoke0(Native Method)
	at sun.reflect.NativeMethodAccessorImpl.invoke(NativeMethodAccessorImpl.java:62)
	at sun.reflect.DelegatingMethodAccessorImpl.invoke(DelegatingMethodAccessorImpl.java:43)
	at java.lang.reflect.Method.invoke(Method.java:497)
	at org.springframework.beans.factory.support.AbstractAutowireCapableBeanFactory.invokeCustomInitMethod(AbstractAutowireCapableBeanFactory.java:1608)
	at org.springframework.beans.factory.support.AbstractAutowireCapableBeanFactory.invokeInitMethods(AbstractAutowireCapableBeanFactory.java:1549)
	at org.springframework.beans.factory.support.AbstractAutowireCapableBeanFactory.initializeBean(AbstractAutowireCapableBeanFactory.java:1479)
	... 92 more
Caused by: java.lang.IllegalArgumentException: String length must be a multiple of four.
	at com.alibaba.druid.util.Base64.base64ToByteArray(Base64.java:128)
	at com.alibaba.druid.util.Base64.base64ToByteArray(Base64.java:110)
	at com.alibaba.druid.filter.config.ConfigTools.decrypt(ConfigTools.java:146)
	at com.alibaba.druid.filter.config.ConfigFilter.decrypt(ConfigFilter.java:204)
	... 101 more
[INFO ][20160702 22:31:27,332][ContextLoader:273] Root WebApplicationContext: initialization started
[INFO ][20160702 22:31:27,404][AbstractApplicationContext:510] Refreshing Root WebApplicationContext: startup date [Sat Jul 02 22:31:27 CST 2016]; root of context hierarchy
[INFO ][20160702 22:31:27,439][XmlBeanDefinitionReader:315] Loading XML bean definitions from class path resource [spring/spring-context.xml]
[INFO ][20160702 22:31:27,560][ClassPathScanningCandidateComponentProvider:239] JSR-330 'javax.inject.Named' annotation found and supported for component scanning
[INFO ][20160702 22:31:27,605][XmlBeanDefinitionReader:315] Loading XML bean definitions from class path resource [spring/spring-mybatis.xml]
[INFO ][20160702 22:31:27,728][PropertiesLoaderSupport:172] Loading properties file from class path resource [jdbc.properties]
[INFO ][20160702 22:31:27,734][AutowiredAnnotationBeanPostProcessor:140] JSR-330 'javax.inject.Inject' annotation found and supported for autowiring
[INFO ][20160702 22:31:27,773][DefaultListableBeanFactory:598] Pre-instantiating singletons in org.springframework.beans.factory.support.DefaultListableBeanFactory@7be71476: defining beans [org.springframework.context.annotation.internalConfigurationAnnotationProcessor,org.springframework.context.annotation.internalAutowiredAnnotationProcessor,org.springframework.context.annotation.internalRequiredAnnotationProcessor,org.springframework.context.annotation.internalCommonAnnotationProcessor,pmsUserBiz,pmsUserDao,org.springframework.context.support.PropertySourcesPlaceholderConfigurer#0,org.springframework.aop.config.internalAutoProxyCreator,dataSource,sqlSessionFactory,sessionTemplate,transactionManager,org.springframework.context.annotation.ConfigurationClassPostProcessor.importAwareProcessor]; root of factory hierarchy
[INFO ][20160702 22:31:28,067][DruidDataSource:642] {dataSource-1} inited
[INFO ][20160702 22:31:28,069][DefaultSingletonBeanRegistry:444] Destroying singletons in org.springframework.beans.factory.support.DefaultListableBeanFactory@7be71476: defining beans [org.springframework.context.annotation.internalConfigurationAnnotationProcessor,org.springframework.context.annotation.internalAutowiredAnnotationProcessor,org.springframework.context.annotation.internalRequiredAnnotationProcessor,org.springframework.context.annotation.internalCommonAnnotationProcessor,pmsUserBiz,pmsUserDao,org.springframework.context.support.PropertySourcesPlaceholderConfigurer#0,org.springframework.aop.config.internalAutoProxyCreator,dataSource,sqlSessionFactory,sessionTemplate,transactionManager,org.springframework.context.annotation.ConfigurationClassPostProcessor.importAwareProcessor]; root of factory hierarchy
[ERROR][20160702 22:31:28,069][ContextLoader:319] Context initialization failed
org.springframework.beans.factory.BeanCreationException: Error creating bean with name 'pmsUserBiz': Injection of autowired dependencies failed; nested exception is org.springframework.beans.factory.BeanCreationException: Could not autowire field: private wusc.edu.demo.user.dao.PmsUserDao wusc.edu.demo.user.biz.PmsUserBiz.pmsUserDao; nested exception is org.springframework.beans.factory.BeanCreationException: Error creating bean with name 'pmsUserDao' defined in file [C:\Users\fqc\github_works\dubbo_sidepro\edu-demo\target\classes\wusc\edu\demo\user\dao\impl\PmsUserDaoImpl.class]: Initialization of bean failed; nested exception is org.springframework.beans.factory.BeanCreationException: Error creating bean with name 'sessionTemplate' defined in class path resource [spring/spring-mybatis.xml]: Cannot resolve reference to bean 'sqlSessionFactory' while setting constructor argument; nested exception is org.springframework.beans.factory.BeanCreationException: Error creating bean with name 'sqlSessionFactory' defined in class path resource [spring/spring-mybatis.xml]: Cannot resolve reference to bean 'dataSource' while setting bean property 'dataSource'; nested exception is org.springframework.beans.factory.BeanCreationException: Error creating bean with name 'dataSource' defined in class path resource [spring/spring-mybatis.xml]: Invocation of init method failed; nested exception is java.lang.IllegalArgumentException: Failed to decrypt.
	at org.springframework.beans.factory.annotation.AutowiredAnnotationBeanPostProcessor.postProcessPropertyValues(AutowiredAnnotationBeanPostProcessor.java:288)
	at org.springframework.beans.factory.support.AbstractAutowireCapableBeanFactory.populateBean(AbstractAutowireCapableBeanFactory.java:1116)
	at org.springframework.beans.factory.support.AbstractAutowireCapableBeanFactory.doCreateBean(AbstractAutowireCapableBeanFactory.java:519)
	at org.springframework.beans.factory.support.AbstractAutowireCapableBeanFactory.createBean(AbstractAutowireCapableBeanFactory.java:458)
	at org.springframework.beans.factory.support.AbstractBeanFactory$1.getObject(AbstractBeanFactory.java:295)
	at org.springframework.beans.factory.support.DefaultSingletonBeanRegistry.getSingleton(DefaultSingletonBeanRegistry.java:223)
	at org.springframework.beans.factory.support.AbstractBeanFactory.doGetBean(AbstractBeanFactory.java:292)
	at org.springframework.beans.factory.support.AbstractBeanFactory.getBean(AbstractBeanFactory.java:194)
	at org.springframework.beans.factory.support.DefaultListableBeanFactory.preInstantiateSingletons(DefaultListableBeanFactory.java:628)
	at org.springframework.context.support.AbstractApplicationContext.finishBeanFactoryInitialization(AbstractApplicationContext.java:932)
	at org.springframework.context.support.AbstractApplicationContext.refresh(AbstractApplicationContext.java:479)
	at org.springframework.web.context.ContextLoader.configureAndRefreshWebApplicationContext(ContextLoader.java:389)
	at org.springframework.web.context.ContextLoader.initWebApplicationContext(ContextLoader.java:294)
	at org.springframework.web.context.ContextLoaderListener.contextInitialized(ContextLoaderListener.java:112)
	at org.apache.catalina.core.StandardContext.listenerStart(StandardContext.java:4135)
	at org.apache.catalina.core.StandardContext.start(StandardContext.java:4630)
	at org.apache.catalina.core.ContainerBase.start(ContainerBase.java:1045)
	at org.apache.catalina.core.StandardHost.start(StandardHost.java:785)
	at org.apache.catalina.core.ContainerBase.start(ContainerBase.java:1045)
	at org.apache.catalina.core.StandardEngine.start(StandardEngine.java:445)
	at org.apache.catalina.startup.Embedded.start(Embedded.java:825)
	at org.codehaus.mojo.tomcat.AbstractRunMojo.startContainer(AbstractRunMojo.java:558)
	at org.codehaus.mojo.tomcat.AbstractRunMojo.execute(AbstractRunMojo.java:255)
	at org.apache.maven.plugin.DefaultBuildPluginManager.executeMojo(DefaultBuildPluginManager.java:134)
	at org.apache.maven.lifecycle.internal.MojoExecutor.execute(MojoExecutor.java:207)
	at org.apache.maven.lifecycle.internal.MojoExecutor.execute(MojoExecutor.java:153)
	at org.apache.maven.lifecycle.internal.MojoExecutor.execute(MojoExecutor.java:145)
	at org.apache.maven.lifecycle.internal.LifecycleModuleBuilder.buildProject(LifecycleModuleBuilder.java:116)
	at org.apache.maven.lifecycle.internal.LifecycleModuleBuilder.buildProject(LifecycleModuleBuilder.java:80)
	at org.apache.maven.lifecycle.internal.builder.singlethreaded.SingleThreadedBuilder.build(SingleThreadedBuilder.java:51)
	at org.apache.maven.lifecycle.internal.LifecycleStarter.execute(LifecycleStarter.java:128)
	at org.apache.maven.DefaultMaven.doExecute(DefaultMaven.java:307)
	at org.apache.maven.DefaultMaven.doExecute(DefaultMaven.java:193)
	at org.apache.maven.DefaultMaven.execute(DefaultMaven.java:106)
	at org.apache.maven.cli.MavenCli.execute(MavenCli.java:863)
	at org.apache.maven.cli.MavenCli.doMain(MavenCli.java:288)
	at org.apache.maven.cli.MavenCli.main(MavenCli.java:199)
	at sun.reflect.NativeMethodAccessorImpl.invoke0(Native Method)
	at sun.reflect.NativeMethodAccessorImpl.invoke(NativeMethodAccessorImpl.java:62)
	at sun.reflect.DelegatingMethodAccessorImpl.invoke(DelegatingMethodAccessorImpl.java:43)
	at java.lang.reflect.Method.invoke(Method.java:497)
	at org.codehaus.plexus.classworlds.launcher.Launcher.launchEnhanced(Launcher.java:289)
	at org.codehaus.plexus.classworlds.launcher.Launcher.launch(Launcher.java:229)
	at org.codehaus.plexus.classworlds.launcher.Launcher.mainWithExitCode(Launcher.java:415)
	at org.codehaus.plexus.classworlds.launcher.Launcher.main(Launcher.java:356)
	at org.codehaus.classworlds.Launcher.main(Launcher.java:47)
	at sun.reflect.NativeMethodAccessorImpl.invoke0(Native Method)
	at sun.reflect.NativeMethodAccessorImpl.invoke(NativeMethodAccessorImpl.java:62)
	at sun.reflect.DelegatingMethodAccessorImpl.invoke(DelegatingMethodAccessorImpl.java:43)
	at java.lang.reflect.Method.invoke(Method.java:497)
	at com.intellij.rt.execution.application.AppMain.main(AppMain.java:144)
Caused by: org.springframework.beans.factory.BeanCreationException: Could not autowire field: private wusc.edu.demo.user.dao.PmsUserDao wusc.edu.demo.user.biz.PmsUserBiz.pmsUserDao; nested exception is org.springframework.beans.factory.BeanCreationException: Error creating bean with name 'pmsUserDao' defined in file [C:\Users\fqc\github_works\dubbo_sidepro\edu-demo\target\classes\wusc\edu\demo\user\dao\impl\PmsUserDaoImpl.class]: Initialization of bean failed; nested exception is org.springframework.beans.factory.BeanCreationException: Error creating bean with name 'sessionTemplate' defined in class path resource [spring/spring-mybatis.xml]: Cannot resolve reference to bean 'sqlSessionFactory' while setting constructor argument; nested exception is org.springframework.beans.factory.BeanCreationException: Error creating bean with name 'sqlSessionFactory' defined in class path resource [spring/spring-mybatis.xml]: Cannot resolve reference to bean 'dataSource' while setting bean property 'dataSource'; nested exception is org.springframework.beans.factory.BeanCreationException: Error creating bean with name 'dataSource' defined in class path resource [spring/spring-mybatis.xml]: Invocation of init method failed; nested exception is java.lang.IllegalArgumentException: Failed to decrypt.
	at org.springframework.beans.factory.annotation.AutowiredAnnotationBeanPostProcessor$AutowiredFieldElement.inject(AutowiredAnnotationBeanPostProcessor.java:514)
	at org.springframework.beans.factory.annotation.InjectionMetadata.inject(InjectionMetadata.java:87)
	at org.springframework.beans.factory.annotation.AutowiredAnnotationBeanPostProcessor.postProcessPropertyValues(AutowiredAnnotationBeanPostProcessor.java:285)
	... 50 more
Caused by: org.springframework.beans.factory.BeanCreationException: Error creating bean with name 'pmsUserDao' defined in file [C:\Users\fqc\github_works\dubbo_sidepro\edu-demo\target\classes\wusc\edu\demo\user\dao\impl\PmsUserDaoImpl.class]: Initialization of bean failed; nested exception is org.springframework.beans.factory.BeanCreationException: Error creating bean with name 'sessionTemplate' defined in class path resource [spring/spring-mybatis.xml]: Cannot resolve reference to bean 'sqlSessionFactory' while setting constructor argument; nested exception is org.springframework.beans.factory.BeanCreationException: Error creating bean with name 'sqlSessionFactory' defined in class path resource [spring/spring-mybatis.xml]: Cannot resolve reference to bean 'dataSource' while setting bean property 'dataSource'; nested exception is org.springframework.beans.factory.BeanCreationException: Error creating bean with name 'dataSource' defined in class path resource [spring/spring-mybatis.xml]: Invocation of init method failed; nested exception is java.lang.IllegalArgumentException: Failed to decrypt.
	at org.springframework.beans.factory.support.AbstractAutowireCapableBeanFactory.doCreateBean(AbstractAutowireCapableBeanFactory.java:529)
	at org.springframework.beans.factory.support.AbstractAutowireCapableBeanFactory.createBean(AbstractAutowireCapableBeanFactory.java:458)
	at org.springframework.beans.factory.support.AbstractBeanFactory$1.getObject(AbstractBeanFactory.java:295)
	at org.springframework.beans.factory.support.DefaultSingletonBeanRegistry.getSingleton(DefaultSingletonBeanRegistry.java:223)
	at org.springframework.beans.factory.support.AbstractBeanFactory.doGetBean(AbstractBeanFactory.java:292)
	at org.springframework.beans.factory.support.AbstractBeanFactory.getBean(AbstractBeanFactory.java:194)
	at org.springframework.beans.factory.support.DefaultListableBeanFactory.findAutowireCandidates(DefaultListableBeanFactory.java:912)
	at org.springframework.beans.factory.support.DefaultListableBeanFactory.doResolveDependency(DefaultListableBeanFactory.java:855)
	at org.springframework.beans.factory.support.DefaultListableBeanFactory.resolveDependency(DefaultListableBeanFactory.java:770)
	at org.springframework.beans.factory.annotation.AutowiredAnnotationBeanPostProcessor$AutowiredFieldElement.inject(AutowiredAnnotationBeanPostProcessor.java:486)
	... 52 more
Caused by: org.springframework.beans.factory.BeanCreationException: Error creating bean with name 'sessionTemplate' defined in class path resource [spring/spring-mybatis.xml]: Cannot resolve reference to bean 'sqlSessionFactory' while setting constructor argument; nested exception is org.springframework.beans.factory.BeanCreationException: Error creating bean with name 'sqlSessionFactory' defined in class path resource [spring/spring-mybatis.xml]: Cannot resolve reference to bean 'dataSource' while setting bean property 'dataSource'; nested exception is org.springframework.beans.factory.BeanCreationException: Error creating bean with name 'dataSource' defined in class path resource [spring/spring-mybatis.xml]: Invocation of init method failed; nested exception is java.lang.IllegalArgumentException: Failed to decrypt.
	at org.springframework.beans.factory.support.BeanDefinitionValueResolver.resolveReference(BeanDefinitionValueResolver.java:329)
	at org.springframework.beans.factory.support.BeanDefinitionValueResolver.resolveValueIfNecessary(BeanDefinitionValueResolver.java:107)
	at org.springframework.beans.factory.support.ConstructorResolver.resolveConstructorArguments(ConstructorResolver.java:615)
	at org.springframework.beans.factory.support.ConstructorResolver.autowireConstructor(ConstructorResolver.java:148)
	at org.springframework.beans.factory.support.AbstractAutowireCapableBeanFactory.autowireConstructor(AbstractAutowireCapableBeanFactory.java:1045)
	at org.springframework.beans.factory.support.AbstractAutowireCapableBeanFactory.createBeanInstance(AbstractAutowireCapableBeanFactory.java:949)
	at org.springframework.beans.factory.support.AbstractAutowireCapableBeanFactory.doCreateBean(AbstractAutowireCapableBeanFactory.java:487)
	at org.springframework.beans.factory.support.AbstractAutowireCapableBeanFactory.createBean(AbstractAutowireCapableBeanFactory.java:458)
	at org.springframework.beans.factory.support.AbstractBeanFactory$1.getObject(AbstractBeanFactory.java:295)
	at org.springframework.beans.factory.support.DefaultSingletonBeanRegistry.getSingleton(DefaultSingletonBeanRegistry.java:223)
	at org.springframework.beans.factory.support.AbstractBeanFactory.doGetBean(AbstractBeanFactory.java:292)
	at org.springframework.beans.factory.support.AbstractBeanFactory.getBean(AbstractBeanFactory.java:194)
	at org.springframework.beans.factory.support.AbstractAutowireCapableBeanFactory.autowireByName(AbstractAutowireCapableBeanFactory.java:1146)
	at org.springframework.beans.factory.support.AbstractAutowireCapableBeanFactory.populateBean(AbstractAutowireCapableBeanFactory.java:1096)
	at org.springframework.beans.factory.support.AbstractAutowireCapableBeanFactory.doCreateBean(AbstractAutowireCapableBeanFactory.java:519)
	... 61 more
Caused by: org.springframework.beans.factory.BeanCreationException: Error creating bean with name 'sqlSessionFactory' defined in class path resource [spring/spring-mybatis.xml]: Cannot resolve reference to bean 'dataSource' while setting bean property 'dataSource'; nested exception is org.springframework.beans.factory.BeanCreationException: Error creating bean with name 'dataSource' defined in class path resource [spring/spring-mybatis.xml]: Invocation of init method failed; nested exception is java.lang.IllegalArgumentException: Failed to decrypt.
	at org.springframework.beans.factory.support.BeanDefinitionValueResolver.resolveReference(BeanDefinitionValueResolver.java:329)
	at org.springframework.beans.factory.support.BeanDefinitionValueResolver.resolveValueIfNecessary(BeanDefinitionValueResolver.java:107)
	at org.springframework.beans.factory.support.AbstractAutowireCapableBeanFactory.applyPropertyValues(AbstractAutowireCapableBeanFactory.java:1387)
	at org.springframework.beans.factory.support.AbstractAutowireCapableBeanFactory.populateBean(AbstractAutowireCapableBeanFactory.java:1128)
	at org.springframework.beans.factory.support.AbstractAutowireCapableBeanFactory.doCreateBean(AbstractAutowireCapableBeanFactory.java:519)
	at org.springframework.beans.factory.support.AbstractAutowireCapableBeanFactory.createBean(AbstractAutowireCapableBeanFactory.java:458)
	at org.springframework.beans.factory.support.AbstractBeanFactory$1.getObject(AbstractBeanFactory.java:295)
	at org.springframework.beans.factory.support.DefaultSingletonBeanRegistry.getSingleton(DefaultSingletonBeanRegistry.java:223)
	at org.springframework.beans.factory.support.AbstractBeanFactory.doGetBean(AbstractBeanFactory.java:292)
	at org.springframework.beans.factory.support.AbstractBeanFactory.getBean(AbstractBeanFactory.java:194)
	at org.springframework.beans.factory.support.BeanDefinitionValueResolver.resolveReference(BeanDefinitionValueResolver.java:323)
	... 75 more
Caused by: org.springframework.beans.factory.BeanCreationException: Error creating bean with name 'dataSource' defined in class path resource [spring/spring-mybatis.xml]: Invocation of init method failed; nested exception is java.lang.IllegalArgumentException: Failed to decrypt.
	at org.springframework.beans.factory.support.AbstractAutowireCapableBeanFactory.initializeBean(AbstractAutowireCapableBeanFactory.java:1482)
	at org.springframework.beans.factory.support.AbstractAutowireCapableBeanFactory.doCreateBean(AbstractAutowireCapableBeanFactory.java:521)
	at org.springframework.beans.factory.support.AbstractAutowireCapableBeanFactory.createBean(AbstractAutowireCapableBeanFactory.java:458)
	at org.springframework.beans.factory.support.AbstractBeanFactory$1.getObject(AbstractBeanFactory.java:295)
	at org.springframework.beans.factory.support.DefaultSingletonBeanRegistry.getSingleton(DefaultSingletonBeanRegistry.java:223)
	at org.springframework.beans.factory.support.AbstractBeanFactory.doGetBean(AbstractBeanFactory.java:292)
	at org.springframework.beans.factory.support.AbstractBeanFactory.getBean(AbstractBeanFactory.java:194)
	at org.springframework.beans.factory.support.BeanDefinitionValueResolver.resolveReference(BeanDefinitionValueResolver.java:323)
	... 85 more
Caused by: java.lang.IllegalArgumentException: Failed to decrypt.
	at com.alibaba.druid.filter.config.ConfigFilter.decrypt(ConfigFilter.java:212)
	at com.alibaba.druid.filter.config.ConfigFilter.init(ConfigFilter.java:124)
	at com.alibaba.druid.pool.DruidDataSource.init(DruidDataSource.java:514)
	at sun.reflect.NativeMethodAccessorImpl.invoke0(Native Method)
	at sun.reflect.NativeMethodAccessorImpl.invoke(NativeMethodAccessorImpl.java:62)
	at sun.reflect.DelegatingMethodAccessorImpl.invoke(DelegatingMethodAccessorImpl.java:43)
	at java.lang.reflect.Method.invoke(Method.java:497)
	at org.springframework.beans.factory.support.AbstractAutowireCapableBeanFactory.invokeCustomInitMethod(AbstractAutowireCapableBeanFactory.java:1608)
	at org.springframework.beans.factory.support.AbstractAutowireCapableBeanFactory.invokeInitMethods(AbstractAutowireCapableBeanFactory.java:1549)
	at org.springframework.beans.factory.support.AbstractAutowireCapableBeanFactory.initializeBean(AbstractAutowireCapableBeanFactory.java:1479)
	... 92 more
Caused by: java.lang.IllegalArgumentException: String length must be a multiple of four.
	at com.alibaba.druid.util.Base64.base64ToByteArray(Base64.java:128)
	at com.alibaba.druid.util.Base64.base64ToByteArray(Base64.java:110)
	at com.alibaba.druid.filter.config.ConfigTools.decrypt(ConfigTools.java:146)
	at com.alibaba.druid.filter.config.ConfigFilter.decrypt(ConfigFilter.java:204)
	... 101 more
[INFO ][20160702 22:36:40,911][ContextLoader:273] Root WebApplicationContext: initialization started
[INFO ][20160702 22:36:40,976][AbstractApplicationContext:510] Refreshing Root WebApplicationContext: startup date [Sat Jul 02 22:36:40 CST 2016]; root of context hierarchy
[INFO ][20160702 22:36:41,024][XmlBeanDefinitionReader:315] Loading XML bean definitions from class path resource [spring/spring-context.xml]
[INFO ][20160702 22:36:41,132][ClassPathScanningCandidateComponentProvider:239] JSR-330 'javax.inject.Named' annotation found and supported for component scanning
[INFO ][20160702 22:36:41,185][XmlBeanDefinitionReader:315] Loading XML bean definitions from class path resource [spring/spring-mybatis.xml]
[INFO ][20160702 22:36:41,303][PropertiesLoaderSupport:172] Loading properties file from class path resource [jdbc.properties]
[INFO ][20160702 22:36:41,308][AutowiredAnnotationBeanPostProcessor:140] JSR-330 'javax.inject.Inject' annotation found and supported for autowiring
[INFO ][20160702 22:36:41,341][DefaultListableBeanFactory:598] Pre-instantiating singletons in org.springframework.beans.factory.support.DefaultListableBeanFactory@1d540566: defining beans [org.springframework.context.annotation.internalConfigurationAnnotationProcessor,org.springframework.context.annotation.internalAutowiredAnnotationProcessor,org.springframework.context.annotation.internalRequiredAnnotationProcessor,org.springframework.context.annotation.internalCommonAnnotationProcessor,pmsUserBiz,pmsUserDao,org.springframework.context.support.PropertySourcesPlaceholderConfigurer#0,org.springframework.aop.config.internalAutoProxyCreator,dataSource,sqlSessionFactory,sessionTemplate,transactionManager,org.springframework.context.annotation.ConfigurationClassPostProcessor.importAwareProcessor]; root of factory hierarchy
[INFO ][20160702 22:36:41,629][DruidDataSource:642] {dataSource-1} inited
[INFO ][20160702 22:36:41,632][DefaultSingletonBeanRegistry:444] Destroying singletons in org.springframework.beans.factory.support.DefaultListableBeanFactory@1d540566: defining beans [org.springframework.context.annotation.internalConfigurationAnnotationProcessor,org.springframework.context.annotation.internalAutowiredAnnotationProcessor,org.springframework.context.annotation.internalRequiredAnnotationProcessor,org.springframework.context.annotation.internalCommonAnnotationProcessor,pmsUserBiz,pmsUserDao,org.springframework.context.support.PropertySourcesPlaceholderConfigurer#0,org.springframework.aop.config.internalAutoProxyCreator,dataSource,sqlSessionFactory,sessionTemplate,transactionManager,org.springframework.context.annotation.ConfigurationClassPostProcessor.importAwareProcessor]; root of factory hierarchy
[ERROR][20160702 22:36:41,633][ContextLoader:319] Context initialization failed
org.springframework.beans.factory.BeanCreationException: Error creating bean with name 'pmsUserBiz': Injection of autowired dependencies failed; nested exception is org.springframework.beans.factory.BeanCreationException: Could not autowire field: private wusc.edu.demo.user.dao.PmsUserDao wusc.edu.demo.user.biz.PmsUserBiz.pmsUserDao; nested exception is org.springframework.beans.factory.BeanCreationException: Error creating bean with name 'pmsUserDao' defined in file [C:\Users\fqc\github_works\dubbo_sidepro\edu-demo\target\classes\wusc\edu\demo\user\dao\impl\PmsUserDaoImpl.class]: Initialization of bean failed; nested exception is org.springframework.beans.factory.BeanCreationException: Error creating bean with name 'sessionTemplate' defined in class path resource [spring/spring-mybatis.xml]: Cannot resolve reference to bean 'sqlSessionFactory' while setting constructor argument; nested exception is org.springframework.beans.factory.BeanCreationException: Error creating bean with name 'sqlSessionFactory' defined in class path resource [spring/spring-mybatis.xml]: Cannot resolve reference to bean 'dataSource' while setting bean property 'dataSource'; nested exception is org.springframework.beans.factory.BeanCreationException: Error creating bean with name 'dataSource' defined in class path resource [spring/spring-mybatis.xml]: Invocation of init method failed; nested exception is java.lang.IllegalArgumentException: Failed to decrypt.
	at org.springframework.beans.factory.annotation.AutowiredAnnotationBeanPostProcessor.postProcessPropertyValues(AutowiredAnnotationBeanPostProcessor.java:288)
	at org.springframework.beans.factory.support.AbstractAutowireCapableBeanFactory.populateBean(AbstractAutowireCapableBeanFactory.java:1116)
	at org.springframework.beans.factory.support.AbstractAutowireCapableBeanFactory.doCreateBean(AbstractAutowireCapableBeanFactory.java:519)
	at org.springframework.beans.factory.support.AbstractAutowireCapableBeanFactory.createBean(AbstractAutowireCapableBeanFactory.java:458)
	at org.springframework.beans.factory.support.AbstractBeanFactory$1.getObject(AbstractBeanFactory.java:295)
	at org.springframework.beans.factory.support.DefaultSingletonBeanRegistry.getSingleton(DefaultSingletonBeanRegistry.java:223)
	at org.springframework.beans.factory.support.AbstractBeanFactory.doGetBean(AbstractBeanFactory.java:292)
	at org.springframework.beans.factory.support.AbstractBeanFactory.getBean(AbstractBeanFactory.java:194)
	at org.springframework.beans.factory.support.DefaultListableBeanFactory.preInstantiateSingletons(DefaultListableBeanFactory.java:628)
	at org.springframework.context.support.AbstractApplicationContext.finishBeanFactoryInitialization(AbstractApplicationContext.java:932)
	at org.springframework.context.support.AbstractApplicationContext.refresh(AbstractApplicationContext.java:479)
	at org.springframework.web.context.ContextLoader.configureAndRefreshWebApplicationContext(ContextLoader.java:389)
	at org.springframework.web.context.ContextLoader.initWebApplicationContext(ContextLoader.java:294)
	at org.springframework.web.context.ContextLoaderListener.contextInitialized(ContextLoaderListener.java:112)
	at org.apache.catalina.core.StandardContext.listenerStart(StandardContext.java:4135)
	at org.apache.catalina.core.StandardContext.start(StandardContext.java:4630)
	at org.apache.catalina.core.ContainerBase.start(ContainerBase.java:1045)
	at org.apache.catalina.core.StandardHost.start(StandardHost.java:785)
	at org.apache.catalina.core.ContainerBase.start(ContainerBase.java:1045)
	at org.apache.catalina.core.StandardEngine.start(StandardEngine.java:445)
	at org.apache.catalina.startup.Embedded.start(Embedded.java:825)
	at org.codehaus.mojo.tomcat.AbstractRunMojo.startContainer(AbstractRunMojo.java:558)
	at org.codehaus.mojo.tomcat.AbstractRunMojo.execute(AbstractRunMojo.java:255)
	at org.apache.maven.plugin.DefaultBuildPluginManager.executeMojo(DefaultBuildPluginManager.java:134)
	at org.apache.maven.lifecycle.internal.MojoExecutor.execute(MojoExecutor.java:207)
	at org.apache.maven.lifecycle.internal.MojoExecutor.execute(MojoExecutor.java:153)
	at org.apache.maven.lifecycle.internal.MojoExecutor.execute(MojoExecutor.java:145)
	at org.apache.maven.lifecycle.internal.LifecycleModuleBuilder.buildProject(LifecycleModuleBuilder.java:116)
	at org.apache.maven.lifecycle.internal.LifecycleModuleBuilder.buildProject(LifecycleModuleBuilder.java:80)
	at org.apache.maven.lifecycle.internal.builder.singlethreaded.SingleThreadedBuilder.build(SingleThreadedBuilder.java:51)
	at org.apache.maven.lifecycle.internal.LifecycleStarter.execute(LifecycleStarter.java:128)
	at org.apache.maven.DefaultMaven.doExecute(DefaultMaven.java:307)
	at org.apache.maven.DefaultMaven.doExecute(DefaultMaven.java:193)
	at org.apache.maven.DefaultMaven.execute(DefaultMaven.java:106)
	at org.apache.maven.cli.MavenCli.execute(MavenCli.java:863)
	at org.apache.maven.cli.MavenCli.doMain(MavenCli.java:288)
	at org.apache.maven.cli.MavenCli.main(MavenCli.java:199)
	at sun.reflect.NativeMethodAccessorImpl.invoke0(Native Method)
	at sun.reflect.NativeMethodAccessorImpl.invoke(NativeMethodAccessorImpl.java:62)
	at sun.reflect.DelegatingMethodAccessorImpl.invoke(DelegatingMethodAccessorImpl.java:43)
	at java.lang.reflect.Method.invoke(Method.java:497)
	at org.codehaus.plexus.classworlds.launcher.Launcher.launchEnhanced(Launcher.java:289)
	at org.codehaus.plexus.classworlds.launcher.Launcher.launch(Launcher.java:229)
	at org.codehaus.plexus.classworlds.launcher.Launcher.mainWithExitCode(Launcher.java:415)
	at org.codehaus.plexus.classworlds.launcher.Launcher.main(Launcher.java:356)
Caused by: org.springframework.beans.factory.BeanCreationException: Could not autowire field: private wusc.edu.demo.user.dao.PmsUserDao wusc.edu.demo.user.biz.PmsUserBiz.pmsUserDao; nested exception is org.springframework.beans.factory.BeanCreationException: Error creating bean with name 'pmsUserDao' defined in file [C:\Users\fqc\github_works\dubbo_sidepro\edu-demo\target\classes\wusc\edu\demo\user\dao\impl\PmsUserDaoImpl.class]: Initialization of bean failed; nested exception is org.springframework.beans.factory.BeanCreationException: Error creating bean with name 'sessionTemplate' defined in class path resource [spring/spring-mybatis.xml]: Cannot resolve reference to bean 'sqlSessionFactory' while setting constructor argument; nested exception is org.springframework.beans.factory.BeanCreationException: Error creating bean with name 'sqlSessionFactory' defined in class path resource [spring/spring-mybatis.xml]: Cannot resolve reference to bean 'dataSource' while setting bean property 'dataSource'; nested exception is org.springframework.beans.factory.BeanCreationException: Error creating bean with name 'dataSource' defined in class path resource [spring/spring-mybatis.xml]: Invocation of init method failed; nested exception is java.lang.IllegalArgumentException: Failed to decrypt.
	at org.springframework.beans.factory.annotation.AutowiredAnnotationBeanPostProcessor$AutowiredFieldElement.inject(AutowiredAnnotationBeanPostProcessor.java:514)
	at org.springframework.beans.factory.annotation.InjectionMetadata.inject(InjectionMetadata.java:87)
	at org.springframework.beans.factory.annotation.AutowiredAnnotationBeanPostProcessor.postProcessPropertyValues(AutowiredAnnotationBeanPostProcessor.java:285)
	... 44 more
Caused by: org.springframework.beans.factory.BeanCreationException: Error creating bean with name 'pmsUserDao' defined in file [C:\Users\fqc\github_works\dubbo_sidepro\edu-demo\target\classes\wusc\edu\demo\user\dao\impl\PmsUserDaoImpl.class]: Initialization of bean failed; nested exception is org.springframework.beans.factory.BeanCreationException: Error creating bean with name 'sessionTemplate' defined in class path resource [spring/spring-mybatis.xml]: Cannot resolve reference to bean 'sqlSessionFactory' while setting constructor argument; nested exception is org.springframework.beans.factory.BeanCreationException: Error creating bean with name 'sqlSessionFactory' defined in class path resource [spring/spring-mybatis.xml]: Cannot resolve reference to bean 'dataSource' while setting bean property 'dataSource'; nested exception is org.springframework.beans.factory.BeanCreationException: Error creating bean with name 'dataSource' defined in class path resource [spring/spring-mybatis.xml]: Invocation of init method failed; nested exception is java.lang.IllegalArgumentException: Failed to decrypt.
	at org.springframework.beans.factory.support.AbstractAutowireCapableBeanFactory.doCreateBean(AbstractAutowireCapableBeanFactory.java:529)
	at org.springframework.beans.factory.support.AbstractAutowireCapableBeanFactory.createBean(AbstractAutowireCapableBeanFactory.java:458)
	at org.springframework.beans.factory.support.AbstractBeanFactory$1.getObject(AbstractBeanFactory.java:295)
	at org.springframework.beans.factory.support.DefaultSingletonBeanRegistry.getSingleton(DefaultSingletonBeanRegistry.java:223)
	at org.springframework.beans.factory.support.AbstractBeanFactory.doGetBean(AbstractBeanFactory.java:292)
	at org.springframework.beans.factory.support.AbstractBeanFactory.getBean(AbstractBeanFactory.java:194)
	at org.springframework.beans.factory.support.DefaultListableBeanFactory.findAutowireCandidates(DefaultListableBeanFactory.java:912)
	at org.springframework.beans.factory.support.DefaultListableBeanFactory.doResolveDependency(DefaultListableBeanFactory.java:855)
	at org.springframework.beans.factory.support.DefaultListableBeanFactory.resolveDependency(DefaultListableBeanFactory.java:770)
	at org.springframework.beans.factory.annotation.AutowiredAnnotationBeanPostProcessor$AutowiredFieldElement.inject(AutowiredAnnotationBeanPostProcessor.java:486)
	... 46 more
Caused by: org.springframework.beans.factory.BeanCreationException: Error creating bean with name 'sessionTemplate' defined in class path resource [spring/spring-mybatis.xml]: Cannot resolve reference to bean 'sqlSessionFactory' while setting constructor argument; nested exception is org.springframework.beans.factory.BeanCreationException: Error creating bean with name 'sqlSessionFactory' defined in class path resource [spring/spring-mybatis.xml]: Cannot resolve reference to bean 'dataSource' while setting bean property 'dataSource'; nested exception is org.springframework.beans.factory.BeanCreationException: Error creating bean with name 'dataSource' defined in class path resource [spring/spring-mybatis.xml]: Invocation of init method failed; nested exception is java.lang.IllegalArgumentException: Failed to decrypt.
	at org.springframework.beans.factory.support.BeanDefinitionValueResolver.resolveReference(BeanDefinitionValueResolver.java:329)
	at org.springframework.beans.factory.support.BeanDefinitionValueResolver.resolveValueIfNecessary(BeanDefinitionValueResolver.java:107)
	at org.springframework.beans.factory.support.ConstructorResolver.resolveConstructorArguments(ConstructorResolver.java:615)
	at org.springframework.beans.factory.support.ConstructorResolver.autowireConstructor(ConstructorResolver.java:148)
	at org.springframework.beans.factory.support.AbstractAutowireCapableBeanFactory.autowireConstructor(AbstractAutowireCapableBeanFactory.java:1045)
	at org.springframework.beans.factory.support.AbstractAutowireCapableBeanFactory.createBeanInstance(AbstractAutowireCapableBeanFactory.java:949)
	at org.springframework.beans.factory.support.AbstractAutowireCapableBeanFactory.doCreateBean(AbstractAutowireCapableBeanFactory.java:487)
	at org.springframework.beans.factory.support.AbstractAutowireCapableBeanFactory.createBean(AbstractAutowireCapableBeanFactory.java:458)
	at org.springframework.beans.factory.support.AbstractBeanFactory$1.getObject(AbstractBeanFactory.java:295)
	at org.springframework.beans.factory.support.DefaultSingletonBeanRegistry.getSingleton(DefaultSingletonBeanRegistry.java:223)
	at org.springframework.beans.factory.support.AbstractBeanFactory.doGetBean(AbstractBeanFactory.java:292)
	at org.springframework.beans.factory.support.AbstractBeanFactory.getBean(AbstractBeanFactory.java:194)
	at org.springframework.beans.factory.support.AbstractAutowireCapableBeanFactory.autowireByName(AbstractAutowireCapableBeanFactory.java:1146)
	at org.springframework.beans.factory.support.AbstractAutowireCapableBeanFactory.populateBean(AbstractAutowireCapableBeanFactory.java:1096)
	at org.springframework.beans.factory.support.AbstractAutowireCapableBeanFactory.doCreateBean(AbstractAutowireCapableBeanFactory.java:519)
	... 55 more
Caused by: org.springframework.beans.factory.BeanCreationException: Error creating bean with name 'sqlSessionFactory' defined in class path resource [spring/spring-mybatis.xml]: Cannot resolve reference to bean 'dataSource' while setting bean property 'dataSource'; nested exception is org.springframework.beans.factory.BeanCreationException: Error creating bean with name 'dataSource' defined in class path resource [spring/spring-mybatis.xml]: Invocation of init method failed; nested exception is java.lang.IllegalArgumentException: Failed to decrypt.
	at org.springframework.beans.factory.support.BeanDefinitionValueResolver.resolveReference(BeanDefinitionValueResolver.java:329)
	at org.springframework.beans.factory.support.BeanDefinitionValueResolver.resolveValueIfNecessary(BeanDefinitionValueResolver.java:107)
	at org.springframework.beans.factory.support.AbstractAutowireCapableBeanFactory.applyPropertyValues(AbstractAutowireCapableBeanFactory.java:1387)
	at org.springframework.beans.factory.support.AbstractAutowireCapableBeanFactory.populateBean(AbstractAutowireCapableBeanFactory.java:1128)
	at org.springframework.beans.factory.support.AbstractAutowireCapableBeanFactory.doCreateBean(AbstractAutowireCapableBeanFactory.java:519)
	at org.springframework.beans.factory.support.AbstractAutowireCapableBeanFactory.createBean(AbstractAutowireCapableBeanFactory.java:458)
	at org.springframework.beans.factory.support.AbstractBeanFactory$1.getObject(AbstractBeanFactory.java:295)
	at org.springframework.beans.factory.support.DefaultSingletonBeanRegistry.getSingleton(DefaultSingletonBeanRegistry.java:223)
	at org.springframework.beans.factory.support.AbstractBeanFactory.doGetBean(AbstractBeanFactory.java:292)
	at org.springframework.beans.factory.support.AbstractBeanFactory.getBean(AbstractBeanFactory.java:194)
	at org.springframework.beans.factory.support.BeanDefinitionValueResolver.resolveReference(BeanDefinitionValueResolver.java:323)
	... 69 more
Caused by: org.springframework.beans.factory.BeanCreationException: Error creating bean with name 'dataSource' defined in class path resource [spring/spring-mybatis.xml]: Invocation of init method failed; nested exception is java.lang.IllegalArgumentException: Failed to decrypt.
	at org.springframework.beans.factory.support.AbstractAutowireCapableBeanFactory.initializeBean(AbstractAutowireCapableBeanFactory.java:1482)
	at org.springframework.beans.factory.support.AbstractAutowireCapableBeanFactory.doCreateBean(AbstractAutowireCapableBeanFactory.java:521)
	at org.springframework.beans.factory.support.AbstractAutowireCapableBeanFactory.createBean(AbstractAutowireCapableBeanFactory.java:458)
	at org.springframework.beans.factory.support.AbstractBeanFactory$1.getObject(AbstractBeanFactory.java:295)
	at org.springframework.beans.factory.support.DefaultSingletonBeanRegistry.getSingleton(DefaultSingletonBeanRegistry.java:223)
	at org.springframework.beans.factory.support.AbstractBeanFactory.doGetBean(AbstractBeanFactory.java:292)
	at org.springframework.beans.factory.support.AbstractBeanFactory.getBean(AbstractBeanFactory.java:194)
	at org.springframework.beans.factory.support.BeanDefinitionValueResolver.resolveReference(BeanDefinitionValueResolver.java:323)
	... 79 more
Caused by: java.lang.IllegalArgumentException: Failed to decrypt.
	at com.alibaba.druid.filter.config.ConfigFilter.decrypt(ConfigFilter.java:212)
	at com.alibaba.druid.filter.config.ConfigFilter.init(ConfigFilter.java:124)
	at com.alibaba.druid.pool.DruidDataSource.init(DruidDataSource.java:514)
	at sun.reflect.NativeMethodAccessorImpl.invoke0(Native Method)
	at sun.reflect.NativeMethodAccessorImpl.invoke(NativeMethodAccessorImpl.java:62)
	at sun.reflect.DelegatingMethodAccessorImpl.invoke(DelegatingMethodAccessorImpl.java:43)
	at java.lang.reflect.Method.invoke(Method.java:497)
	at org.springframework.beans.factory.support.AbstractAutowireCapableBeanFactory.invokeCustomInitMethod(AbstractAutowireCapableBeanFactory.java:1608)
	at org.springframework.beans.factory.support.AbstractAutowireCapableBeanFactory.invokeInitMethods(AbstractAutowireCapableBeanFactory.java:1549)
	at org.springframework.beans.factory.support.AbstractAutowireCapableBeanFactory.initializeBean(AbstractAutowireCapableBeanFactory.java:1479)
	... 86 more
Caused by: java.lang.IllegalArgumentException: String length must be a multiple of four.
	at com.alibaba.druid.util.Base64.base64ToByteArray(Base64.java:128)
	at com.alibaba.druid.util.Base64.base64ToByteArray(Base64.java:110)
	at com.alibaba.druid.filter.config.ConfigTools.decrypt(ConfigTools.java:146)
	at com.alibaba.druid.filter.config.ConfigFilter.decrypt(ConfigFilter.java:204)
	... 95 more
[INFO ][20160702 23:38:18,458][ContextLoader:273] Root WebApplicationContext: initialization started
[INFO ][20160702 23:38:18,514][AbstractApplicationContext:510] Refreshing Root WebApplicationContext: startup date [Sat Jul 02 23:38:18 CST 2016]; root of context hierarchy
[INFO ][20160702 23:38:18,544][XmlBeanDefinitionReader:315] Loading XML bean definitions from class path resource [spring/spring-context.xml]
[INFO ][20160702 23:38:18,808][ClassPathScanningCandidateComponentProvider:239] JSR-330 'javax.inject.Named' annotation found and supported for component scanning
[INFO ][20160702 23:38:18,922][XmlBeanDefinitionReader:315] Loading XML bean definitions from class path resource [spring/spring-mybatis.xml]
[INFO ][20160702 23:38:19,023][PropertiesLoaderSupport:172] Loading properties file from class path resource [jdbc.properties]
[INFO ][20160702 23:38:19,028][AutowiredAnnotationBeanPostProcessor:140] JSR-330 'javax.inject.Inject' annotation found and supported for autowiring
[INFO ][20160702 23:38:19,054][DefaultListableBeanFactory:598] Pre-instantiating singletons in org.springframework.beans.factory.support.DefaultListableBeanFactory@17b6d426: defining beans [org.springframework.context.annotation.internalConfigurationAnnotationProcessor,org.springframework.context.annotation.internalAutowiredAnnotationProcessor,org.springframework.context.annotation.internalRequiredAnnotationProcessor,org.springframework.context.annotation.internalCommonAnnotationProcessor,pmsUserBiz,pmsUserDao,org.springframework.context.support.PropertySourcesPlaceholderConfigurer#0,org.springframework.aop.config.internalAutoProxyCreator,dataSource,sqlSessionFactory,sessionTemplate,transactionManager,org.springframework.context.annotation.ConfigurationClassPostProcessor.importAwareProcessor]; root of factory hierarchy
[INFO ][20160702 23:38:19,723][DruidDataSource:642] {dataSource-1} inited
[INFO ][20160702 23:38:20,309][ContextLoader:313] Root WebApplicationContext: initialization completed in 1843 ms
[INFO ][20160702 23:38:20,704][CommonsLogger:42] Parsing configuration file [struts-default.xml]
[INFO ][20160702 23:38:20,939][CommonsLogger:42] Parsing configuration file [struts-plugin.xml]
[INFO ][20160702 23:38:21,056][CommonsLogger:42] Parsing configuration file [struts.xml]
[INFO ][20160702 23:38:21,059][CommonsLogger:42] Choosing bean (spring) for (com.opensymphony.xwork2.ObjectFactory)
[INFO ][20160702 23:38:21,060][CommonsLogger:42] Choosing bean (struts) for (com.opensymphony.xwork2.FileManagerFactory)
[INFO ][20160702 23:38:21,060][CommonsLogger:42] Choosing bean (struts) for (com.opensymphony.xwork2.conversion.impl.XWorkConverter)
[INFO ][20160702 23:38:21,061][CommonsLogger:42] Choosing bean (struts) for (com.opensymphony.xwork2.conversion.impl.CollectionConverter)
[INFO ][20160702 23:38:21,062][CommonsLogger:42] Choosing bean (struts) for (com.opensymphony.xwork2.conversion.impl.ArrayConverter)
[INFO ][20160702 23:38:21,062][CommonsLogger:42] Choosing bean (struts) for (com.opensymphony.xwork2.conversion.impl.DateConverter)
[INFO ][20160702 23:38:21,062][CommonsLogger:42] Choosing bean (struts) for (com.opensymphony.xwork2.conversion.impl.NumberConverter)
[INFO ][20160702 23:38:21,062][CommonsLogger:42] Choosing bean (struts) for (com.opensymphony.xwork2.conversion.impl.StringConverter)
[INFO ][20160702 23:38:21,063][CommonsLogger:42] Choosing bean (struts) for (com.opensymphony.xwork2.conversion.ConversionPropertiesProcessor)
[INFO ][20160702 23:38:21,063][CommonsLogger:42] Choosing bean (struts) for (com.opensymphony.xwork2.conversion.ConversionFileProcessor)
[INFO ][20160702 23:38:21,064][CommonsLogger:42] Choosing bean (struts) for (com.opensymphony.xwork2.conversion.ConversionAnnotationProcessor)
[INFO ][20160702 23:38:21,064][CommonsLogger:42] Choosing bean (struts) for (com.opensymphony.xwork2.conversion.TypeConverterCreator)
[INFO ][20160702 23:38:21,064][CommonsLogger:42] Choosing bean (struts) for (com.opensymphony.xwork2.conversion.TypeConverterHolder)
[INFO ][20160702 23:38:21,065][CommonsLogger:42] Choosing bean (struts) for (com.opensymphony.xwork2.TextProvider)
[INFO ][20160702 23:38:21,065][CommonsLogger:42] Choosing bean (struts) for (com.opensymphony.xwork2.LocaleProvider)
[INFO ][20160702 23:38:21,065][CommonsLogger:42] Choosing bean (struts) for (com.opensymphony.xwork2.ActionProxyFactory)
[INFO ][20160702 23:38:21,065][CommonsLogger:42] Choosing bean (struts) for (com.opensymphony.xwork2.conversion.ObjectTypeDeterminer)
[INFO ][20160702 23:38:21,066][CommonsLogger:42] Choosing bean (struts) for (org.apache.struts2.dispatcher.mapper.ActionMapper)
[INFO ][20160702 23:38:21,066][CommonsLogger:42] Choosing bean (jakarta) for (org.apache.struts2.dispatcher.multipart.MultiPartRequest)
[INFO ][20160702 23:38:21,066][CommonsLogger:42] Choosing bean (struts) for (org.apache.struts2.views.freemarker.FreemarkerManager)
[INFO ][20160702 23:38:21,068][CommonsLogger:42] Choosing bean (struts) for (org.apache.struts2.components.UrlRenderer)
[INFO ][20160702 23:38:21,069][CommonsLogger:42] Choosing bean (struts) for (com.opensymphony.xwork2.validator.ActionValidatorManager)
[INFO ][20160702 23:38:21,069][CommonsLogger:42] Choosing bean (struts) for (com.opensymphony.xwork2.util.ValueStackFactory)
[INFO ][20160702 23:38:21,069][CommonsLogger:42] Choosing bean (struts) for (com.opensymphony.xwork2.util.reflection.ReflectionProvider)
[INFO ][20160702 23:38:21,069][CommonsLogger:42] Choosing bean (struts) for (com.opensymphony.xwork2.util.reflection.ReflectionContextFactory)
[INFO ][20160702 23:38:21,070][CommonsLogger:42] Choosing bean (struts) for (com.opensymphony.xwork2.util.PatternMatcher)
[INFO ][20160702 23:38:21,070][CommonsLogger:42] Choosing bean (struts) for (org.apache.struts2.dispatcher.StaticContentLoader)
[INFO ][20160702 23:38:21,070][CommonsLogger:42] Choosing bean (struts) for (com.opensymphony.xwork2.UnknownHandlerManager)
[INFO ][20160702 23:38:21,070][CommonsLogger:42] Choosing bean (struts) for (org.apache.struts2.views.util.UrlHelper)
[INFO ][20160702 23:38:21,071][CommonsLogger:42] Choosing bean (struts) for (com.opensymphony.xwork2.util.TextParser)
[INFO ][20160702 23:38:21,082][CommonsLogger:42] Initializing Struts-Spring integration...
[INFO ][20160702 23:38:21,082][CommonsLogger:42] Setting autowire strategy to name
[INFO ][20160702 23:38:21,082][CommonsLogger:42] ... initialized Struts-Spring integration successfully
[INFO ][20160702 23:38:57,279][ContextLoader:273] Root WebApplicationContext: initialization started
[INFO ][20160702 23:38:57,342][AbstractApplicationContext:510] Refreshing Root WebApplicationContext: startup date [Sat Jul 02 23:38:57 CST 2016]; root of context hierarchy
[INFO ][20160702 23:38:57,382][XmlBeanDefinitionReader:315] Loading XML bean definitions from class path resource [spring/spring-context.xml]
[INFO ][20160702 23:38:57,504][ClassPathScanningCandidateComponentProvider:239] JSR-330 'javax.inject.Named' annotation found and supported for component scanning
[INFO ][20160702 23:38:57,545][XmlBeanDefinitionReader:315] Loading XML bean definitions from class path resource [spring/spring-mybatis.xml]
[INFO ][20160702 23:38:57,653][PropertiesLoaderSupport:172] Loading properties file from class path resource [jdbc.properties]
[INFO ][20160702 23:38:57,660][AutowiredAnnotationBeanPostProcessor:140] JSR-330 'javax.inject.Inject' annotation found and supported for autowiring
[INFO ][20160702 23:38:57,702][DefaultListableBeanFactory:598] Pre-instantiating singletons in org.springframework.beans.factory.support.DefaultListableBeanFactory@1d540566: defining beans [org.springframework.context.annotation.internalConfigurationAnnotationProcessor,org.springframework.context.annotation.internalAutowiredAnnotationProcessor,org.springframework.context.annotation.internalRequiredAnnotationProcessor,org.springframework.context.annotation.internalCommonAnnotationProcessor,pmsUserBiz,pmsUserDao,org.springframework.context.support.PropertySourcesPlaceholderConfigurer#0,org.springframework.aop.config.internalAutoProxyCreator,dataSource,sqlSessionFactory,sessionTemplate,transactionManager,org.springframework.context.annotation.ConfigurationClassPostProcessor.importAwareProcessor]; root of factory hierarchy
[INFO ][20160702 23:38:58,267][DruidDataSource:642] {dataSource-1} inited
[INFO ][20160702 23:38:58,553][ContextLoader:313] Root WebApplicationContext: initialization completed in 1271 ms
[INFO ][20160702 23:38:58,674][CommonsLogger:42] Parsing configuration file [struts-default.xml]
[INFO ][20160702 23:38:58,717][CommonsLogger:42] Parsing configuration file [struts-plugin.xml]
[INFO ][20160702 23:38:58,733][CommonsLogger:42] Parsing configuration file [struts.xml]
[INFO ][20160702 23:38:58,735][CommonsLogger:42] Choosing bean (spring) for (com.opensymphony.xwork2.ObjectFactory)
[INFO ][20160702 23:38:58,735][CommonsLogger:42] Choosing bean (struts) for (com.opensymphony.xwork2.FileManagerFactory)
[INFO ][20160702 23:38:58,736][CommonsLogger:42] Choosing bean (struts) for (com.opensymphony.xwork2.conversion.impl.XWorkConverter)
[INFO ][20160702 23:38:58,736][CommonsLogger:42] Choosing bean (struts) for (com.opensymphony.xwork2.conversion.impl.CollectionConverter)
[INFO ][20160702 23:38:58,737][CommonsLogger:42] Choosing bean (struts) for (com.opensymphony.xwork2.conversion.impl.ArrayConverter)
[INFO ][20160702 23:38:58,737][CommonsLogger:42] Choosing bean (struts) for (com.opensymphony.xwork2.conversion.impl.DateConverter)
[INFO ][20160702 23:38:58,737][CommonsLogger:42] Choosing bean (struts) for (com.opensymphony.xwork2.conversion.impl.NumberConverter)
[INFO ][20160702 23:38:58,737][CommonsLogger:42] Choosing bean (struts) for (com.opensymphony.xwork2.conversion.impl.StringConverter)
[INFO ][20160702 23:38:58,737][CommonsLogger:42] Choosing bean (struts) for (com.opensymphony.xwork2.conversion.ConversionPropertiesProcessor)
[INFO ][20160702 23:38:58,737][CommonsLogger:42] Choosing bean (struts) for (com.opensymphony.xwork2.conversion.ConversionFileProcessor)
[INFO ][20160702 23:38:58,738][CommonsLogger:42] Choosing bean (struts) for (com.opensymphony.xwork2.conversion.ConversionAnnotationProcessor)
[INFO ][20160702 23:38:58,738][CommonsLogger:42] Choosing bean (struts) for (com.opensymphony.xwork2.conversion.TypeConverterCreator)
[INFO ][20160702 23:38:58,738][CommonsLogger:42] Choosing bean (struts) for (com.opensymphony.xwork2.conversion.TypeConverterHolder)
[INFO ][20160702 23:38:58,738][CommonsLogger:42] Choosing bean (struts) for (com.opensymphony.xwork2.TextProvider)
[INFO ][20160702 23:38:58,738][CommonsLogger:42] Choosing bean (struts) for (com.opensymphony.xwork2.LocaleProvider)
[INFO ][20160702 23:38:58,738][CommonsLogger:42] Choosing bean (struts) for (com.opensymphony.xwork2.ActionProxyFactory)
[INFO ][20160702 23:38:58,739][CommonsLogger:42] Choosing bean (struts) for (com.opensymphony.xwork2.conversion.ObjectTypeDeterminer)
[INFO ][20160702 23:38:58,739][CommonsLogger:42] Choosing bean (struts) for (org.apache.struts2.dispatcher.mapper.ActionMapper)
[INFO ][20160702 23:38:58,739][CommonsLogger:42] Choosing bean (jakarta) for (org.apache.struts2.dispatcher.multipart.MultiPartRequest)
[INFO ][20160702 23:38:58,739][CommonsLogger:42] Choosing bean (struts) for (org.apache.struts2.views.freemarker.FreemarkerManager)
[INFO ][20160702 23:38:58,740][CommonsLogger:42] Choosing bean (struts) for (org.apache.struts2.components.UrlRenderer)
[INFO ][20160702 23:38:58,740][CommonsLogger:42] Choosing bean (struts) for (com.opensymphony.xwork2.validator.ActionValidatorManager)
[INFO ][20160702 23:38:58,740][CommonsLogger:42] Choosing bean (struts) for (com.opensymphony.xwork2.util.ValueStackFactory)
[INFO ][20160702 23:38:58,740][CommonsLogger:42] Choosing bean (struts) for (com.opensymphony.xwork2.util.reflection.ReflectionProvider)
[INFO ][20160702 23:38:58,740][CommonsLogger:42] Choosing bean (struts) for (com.opensymphony.xwork2.util.reflection.ReflectionContextFactory)
[INFO ][20160702 23:38:58,741][CommonsLogger:42] Choosing bean (struts) for (com.opensymphony.xwork2.util.PatternMatcher)
[INFO ][20160702 23:38:58,741][CommonsLogger:42] Choosing bean (struts) for (org.apache.struts2.dispatcher.StaticContentLoader)
[INFO ][20160702 23:38:58,741][CommonsLogger:42] Choosing bean (struts) for (com.opensymphony.xwork2.UnknownHandlerManager)
[INFO ][20160702 23:38:58,741][CommonsLogger:42] Choosing bean (struts) for (org.apache.struts2.views.util.UrlHelper)
[INFO ][20160702 23:38:58,741][CommonsLogger:42] Choosing bean (struts) for (com.opensymphony.xwork2.util.TextParser)
[INFO ][20160702 23:38:58,749][CommonsLogger:42] Initializing Struts-Spring integration...
[INFO ][20160702 23:38:58,750][CommonsLogger:42] Setting autowire strategy to name
[INFO ][20160702 23:38:58,750][CommonsLogger:42] ... initialized Struts-Spring integration successfully
[INFO ][20160702 23:40:42,297][ContextLoader:273] Root WebApplicationContext: initialization started
[INFO ][20160702 23:40:42,357][AbstractApplicationContext:510] Refreshing Root WebApplicationContext: startup date [Sat Jul 02 23:40:42 CST 2016]; root of context hierarchy
[INFO ][20160702 23:40:42,399][XmlBeanDefinitionReader:315] Loading XML bean definitions from class path resource [spring/spring-context.xml]
[INFO ][20160702 23:40:42,498][ClassPathScanningCandidateComponentProvider:239] JSR-330 'javax.inject.Named' annotation found and supported for component scanning
[INFO ][20160702 23:40:42,538][XmlBeanDefinitionReader:315] Loading XML bean definitions from class path resource [spring/spring-mybatis.xml]
[INFO ][20160702 23:40:42,641][PropertiesLoaderSupport:172] Loading properties file from class path resource [jdbc.properties]
[INFO ][20160702 23:40:42,648][AutowiredAnnotationBeanPostProcessor:140] JSR-330 'javax.inject.Inject' annotation found and supported for autowiring
[INFO ][20160702 23:40:42,686][DefaultListableBeanFactory:598] Pre-instantiating singletons in org.springframework.beans.factory.support.DefaultListableBeanFactory@28c86134: defining beans [org.springframework.context.annotation.internalConfigurationAnnotationProcessor,org.springframework.context.annotation.internalAutowiredAnnotationProcessor,org.springframework.context.annotation.internalRequiredAnnotationProcessor,org.springframework.context.annotation.internalCommonAnnotationProcessor,pmsUserBiz,pmsUserDao,org.springframework.context.support.PropertySourcesPlaceholderConfigurer#0,org.springframework.aop.config.internalAutoProxyCreator,dataSource,sqlSessionFactory,sessionTemplate,transactionManager,org.springframework.context.annotation.ConfigurationClassPostProcessor.importAwareProcessor]; root of factory hierarchy
[INFO ][20160702 23:40:43,230][DruidDataSource:642] {dataSource-1} inited
[INFO ][20160702 23:40:43,490][ContextLoader:313] Root WebApplicationContext: initialization completed in 1191 ms
[INFO ][20160702 23:40:43,603][CommonsLogger:42] Parsing configuration file [struts-default.xml]
[INFO ][20160702 23:40:43,644][CommonsLogger:42] Parsing configuration file [struts-plugin.xml]
[INFO ][20160702 23:40:43,665][CommonsLogger:42] Parsing configuration file [struts.xml]
[INFO ][20160702 23:40:43,667][CommonsLogger:42] Choosing bean (spring) for (com.opensymphony.xwork2.ObjectFactory)
[INFO ][20160702 23:40:43,667][CommonsLogger:42] Choosing bean (struts) for (com.opensymphony.xwork2.FileManagerFactory)
[INFO ][20160702 23:40:43,668][CommonsLogger:42] Choosing bean (struts) for (com.opensymphony.xwork2.conversion.impl.XWorkConverter)
[INFO ][20160702 23:40:43,668][CommonsLogger:42] Choosing bean (struts) for (com.opensymphony.xwork2.conversion.impl.CollectionConverter)
[INFO ][20160702 23:40:43,669][CommonsLogger:42] Choosing bean (struts) for (com.opensymphony.xwork2.conversion.impl.ArrayConverter)
[INFO ][20160702 23:40:43,669][CommonsLogger:42] Choosing bean (struts) for (com.opensymphony.xwork2.conversion.impl.DateConverter)
[INFO ][20160702 23:40:43,669][CommonsLogger:42] Choosing bean (struts) for (com.opensymphony.xwork2.conversion.impl.NumberConverter)
[INFO ][20160702 23:40:43,669][CommonsLogger:42] Choosing bean (struts) for (com.opensymphony.xwork2.conversion.impl.StringConverter)
[INFO ][20160702 23:40:43,669][CommonsLogger:42] Choosing bean (struts) for (com.opensymphony.xwork2.conversion.ConversionPropertiesProcessor)
[INFO ][20160702 23:40:43,669][CommonsLogger:42] Choosing bean (struts) for (com.opensymphony.xwork2.conversion.ConversionFileProcessor)
[INFO ][20160702 23:40:43,670][CommonsLogger:42] Choosing bean (struts) for (com.opensymphony.xwork2.conversion.ConversionAnnotationProcessor)
[INFO ][20160702 23:40:43,670][CommonsLogger:42] Choosing bean (struts) for (com.opensymphony.xwork2.conversion.TypeConverterCreator)
[INFO ][20160702 23:40:43,670][CommonsLogger:42] Choosing bean (struts) for (com.opensymphony.xwork2.conversion.TypeConverterHolder)
[INFO ][20160702 23:40:43,670][CommonsLogger:42] Choosing bean (struts) for (com.opensymphony.xwork2.TextProvider)
[INFO ][20160702 23:40:43,670][CommonsLogger:42] Choosing bean (struts) for (com.opensymphony.xwork2.LocaleProvider)
[INFO ][20160702 23:40:43,670][CommonsLogger:42] Choosing bean (struts) for (com.opensymphony.xwork2.ActionProxyFactory)
[INFO ][20160702 23:40:43,671][CommonsLogger:42] Choosing bean (struts) for (com.opensymphony.xwork2.conversion.ObjectTypeDeterminer)
[INFO ][20160702 23:40:43,671][CommonsLogger:42] Choosing bean (struts) for (org.apache.struts2.dispatcher.mapper.ActionMapper)
[INFO ][20160702 23:40:43,671][CommonsLogger:42] Choosing bean (jakarta) for (org.apache.struts2.dispatcher.multipart.MultiPartRequest)
[INFO ][20160702 23:40:43,671][CommonsLogger:42] Choosing bean (struts) for (org.apache.struts2.views.freemarker.FreemarkerManager)
[INFO ][20160702 23:40:43,672][CommonsLogger:42] Choosing bean (struts) for (org.apache.struts2.components.UrlRenderer)
[INFO ][20160702 23:40:43,672][CommonsLogger:42] Choosing bean (struts) for (com.opensymphony.xwork2.validator.ActionValidatorManager)
[INFO ][20160702 23:40:43,672][CommonsLogger:42] Choosing bean (struts) for (com.opensymphony.xwork2.util.ValueStackFactory)
[INFO ][20160702 23:40:43,673][CommonsLogger:42] Choosing bean (struts) for (com.opensymphony.xwork2.util.reflection.ReflectionProvider)
[INFO ][20160702 23:40:43,673][CommonsLogger:42] Choosing bean (struts) for (com.opensymphony.xwork2.util.reflection.ReflectionContextFactory)
[INFO ][20160702 23:40:43,673][CommonsLogger:42] Choosing bean (struts) for (com.opensymphony.xwork2.util.PatternMatcher)
[INFO ][20160702 23:40:43,673][CommonsLogger:42] Choosing bean (struts) for (org.apache.struts2.dispatcher.StaticContentLoader)
[INFO ][20160702 23:40:43,673][CommonsLogger:42] Choosing bean (struts) for (com.opensymphony.xwork2.UnknownHandlerManager)
[INFO ][20160702 23:40:43,673][CommonsLogger:42] Choosing bean (struts) for (org.apache.struts2.views.util.UrlHelper)
[INFO ][20160702 23:40:43,674][CommonsLogger:42] Choosing bean (struts) for (com.opensymphony.xwork2.util.TextParser)
[INFO ][20160702 23:40:43,682][CommonsLogger:42] Initializing Struts-Spring integration...
[INFO ][20160702 23:40:43,683][CommonsLogger:42] Setting autowire strategy to name
[INFO ][20160702 23:40:43,683][CommonsLogger:42] ... initialized Struts-Spring integration successfully
